TN:
SF:src\modules\appointments\services\CreateAppointmentService.ts
FN:39,CreateAppointmentService
FN:47,Object.<anonymous>.CreateAppointmentService.execute
FNF:2
FNH:2
FNDA:5,CreateAppointmentService
FNDA:7,Object.<anonymous>.CreateAppointmentService.execute
DA:1,1
DA:2,1
DA:3,1
DA:4,1
DA:5,1
DA:6,1
DA:7,1
DA:8,1
DA:9,1
DA:10,1
DA:11,1
DA:12,1
DA:13,1
DA:14,1
DA:15,1
DA:16,1
DA:17,1
DA:18,1
DA:19,1
DA:20,1
DA:21,1
DA:22,1
DA:23,1
DA:24,1
DA:25,1
DA:26,1
DA:27,1
DA:28,1
DA:29,1
DA:30,1
DA:31,1
DA:32,1
DA:33,1
DA:34,1
DA:35,1
DA:36,1
DA:37,1
DA:38,1
DA:39,1
DA:40,5
DA:41,5
DA:42,5
DA:43,5
DA:44,5
DA:45,1
DA:46,1
DA:47,1
DA:48,7
DA:49,7
DA:50,7
DA:51,1
DA:52,1
DA:53,6
DA:54,7
DA:55,1
DA:56,1
DA:57,5
DA:58,7
DA:59,2
DA:60,2
DA:61,2
DA:62,2
DA:63,3
DA:64,3
DA:65,7
DA:66,7
DA:67,7
DA:68,1
DA:69,1
DA:70,1
DA:71,2
DA:72,2
DA:73,2
DA:74,2
DA:75,2
DA:76,2
DA:77,7
DA:78,7
DA:79,7
DA:80,7
DA:81,7
DA:82,7
DA:83,7
DA:84,7
DA:85,7
DA:86,7
DA:87,7
DA:88,7
DA:89,7
DA:90,7
DA:91,1
DA:92,1
DA:93,1
DA:94,1
DA:95,1
DA:96,1
DA:97,1
DA:98,1
DA:99,1
DA:100,1
DA:101,1
DA:102,1
DA:103,1
DA:104,1
DA:105,1
DA:106,1
DA:107,1
DA:108,1
DA:109,1
DA:110,1
DA:111,1
DA:112,1
DA:113,1
DA:114,1
DA:115,1
DA:116,1
DA:117,1
DA:118,1
DA:119,1
DA:120,1
DA:121,1
DA:122,1
DA:123,1
DA:124,1
DA:125,1
DA:126,1
DA:127,1
DA:128,1
DA:129,1
DA:130,1
DA:131,1
DA:132,1
DA:133,1
DA:134,1
DA:135,1
DA:136,1
DA:137,1
DA:138,1
DA:139,1
DA:140,1
DA:141,1
DA:142,1
DA:143,1
DA:144,1
DA:145,1
DA:146,1
DA:147,1
DA:148,1
DA:149,1
DA:150,1
DA:151,1
DA:152,1
DA:153,1
DA:154,1
DA:155,1
DA:156,1
DA:157,1
DA:158,1
DA:159,1
LF:159
LH:159
BRDA:32,0,0,1
BRDA:39,1,0,5
BRDA:47,2,0,7
BRDA:50,3,0,1
BRDA:53,4,0,6
BRDA:54,5,0,1
BRDA:57,6,0,5
BRDA:58,7,0,4
BRDA:58,8,0,2
BRDA:63,9,0,3
BRDA:67,10,0,1
BRDA:71,11,0,2
BRF:12
BRH:12
end_of_record
TN:
SF:src\modules\appointments\services\ListProviderAppointments.ts
FN:1,(empty-report)
FNF:1
FNH:0
FNDA:0,(empty-report)
DA:1,0
DA:2,0
DA:3,0
DA:4,0
DA:5,0
DA:6,0
DA:7,0
DA:8,0
DA:9,0
DA:10,0
DA:11,0
DA:12,0
DA:13,0
DA:14,0
DA:15,0
DA:16,0
DA:17,0
DA:18,0
DA:19,0
DA:20,0
DA:21,0
DA:22,0
DA:23,0
DA:24,0
DA:25,0
DA:26,0
DA:27,0
DA:28,0
DA:29,0
DA:30,0
DA:31,0
DA:32,0
DA:33,0
DA:34,0
DA:35,0
DA:36,0
DA:37,0
DA:38,0
DA:39,0
LF:39
LH:0
BRDA:1,0,0,0
BRF:1
BRH:0
end_of_record
TN:
SF:src\modules\appointments\services\ListProviderDayAvailabilityService.ts
FN:20,ListProviderDayAvailabilityService
FN:25,Object.<anonymous>.ListProviderDayAvailabilityService.execute
FNF:2
FNH:2
FNDA:1,ListProviderDayAvailabilityService
FNDA:1,Object.<anonymous>.ListProviderDayAvailabilityService.execute
DA:1,1
DA:2,1
DA:3,1
DA:4,1
DA:5,1
DA:6,1
DA:7,1
DA:8,1
DA:9,1
DA:10,1
DA:11,1
DA:12,1
DA:13,1
DA:14,1
DA:15,1
DA:16,1
DA:17,1
DA:18,1
DA:19,1
DA:20,1
DA:21,1
DA:22,1
DA:23,1
DA:24,1
DA:25,1
DA:26,1
DA:27,1
DA:28,1
DA:29,1
DA:30,1
DA:31,1
DA:32,1
DA:33,1
DA:34,1
DA:35,1
DA:36,1
DA:37,1
DA:38,1
DA:39,1
DA:40,1
DA:41,1
DA:42,1
DA:43,1
DA:44,1
DA:45,1
DA:46,1
DA:47,1
DA:48,10
DA:49,10
DA:50,10
DA:51,10
DA:52,10
DA:53,10
DA:54,10
DA:55,10
DA:56,10
DA:57,10
DA:58,10
DA:59,1
DA:60,1
DA:61,1
DA:62,1
DA:63,1
DA:64,1
DA:65,1
LF:65
LH:65
BRDA:19,0,0,1
BRDA:20,1,0,1
BRDA:25,2,0,1
BRDA:31,3,0,1
BRDA:44,4,0,10
BRDA:47,5,0,10
BRDA:57,6,0,8
BRDA:49,7,0,19
BRF:8
BRH:8
end_of_record
TN:
SF:src\modules\appointments\services\ListProviderMonthAvailabilityService.ts
FN:22,ListProviderMonthAvailabilityService
FN:27,Object.<anonymous>.ListProviderMonthAvailabilityService.execute
FNF:2
FNH:2
FNDA:1,ListProviderMonthAvailabilityService
FNDA:1,Object.<anonymous>.ListProviderMonthAvailabilityService.execute
DA:1,1
DA:2,1
DA:3,1
DA:4,1
DA:5,1
DA:6,1
DA:7,1
DA:8,1
DA:9,1
DA:10,1
DA:11,1
DA:12,1
DA:13,1
DA:14,1
DA:15,1
DA:16,1
DA:17,1
DA:18,1
DA:19,1
DA:20,1
DA:21,1
DA:22,1
DA:23,1
DA:24,1
DA:25,1
DA:26,1
DA:27,1
DA:28,1
DA:29,1
DA:30,1
DA:31,1
DA:32,1
DA:33,1
DA:34,1
DA:35,1
DA:36,1
DA:37,1
DA:38,31
DA:39,341
DA:40,31
DA:41,31
DA:42,31
DA:43,31
DA:44,31
DA:45,31
DA:46,1
DA:47,1
DA:48,1
DA:49,1
DA:50,1
DA:51,1
DA:52,1
LF:52
LH:52
BRDA:20,0,0,1
BRDA:22,1,0,1
BRDA:27,2,0,1
BRDA:28,3,0,1
BRDA:35,4,0,31
BRDA:37,5,0,31
BRDA:38,6,0,341
BRF:7
BRH:7
end_of_record
TN:
SF:src\modules\appointments\services\ListProvidersService.ts
FN:12,ListProvidersService
FN:17,Object.<anonymous>.ListProvidersService.execute
FNF:2
FNH:2
FNDA:1,ListProvidersService
FNDA:1,Object.<anonymous>.ListProvidersService.execute
DA:1,1
DA:2,1
DA:3,1
DA:4,1
DA:5,1
DA:6,1
DA:7,1
DA:8,1
DA:9,1
DA:10,1
DA:11,1
DA:12,1
DA:13,1
DA:14,1
DA:15,1
DA:16,1
DA:17,1
DA:18,1
DA:19,1
DA:20,1
DA:21,1
DA:22,1
DA:23,1
DA:24,1
DA:25,1
DA:26,1
LF:26
LH:26
BRDA:11,0,0,1
BRDA:12,1,0,1
BRDA:17,2,0,1
BRDA:18,3,0,1
BRF:4
BRH:4
end_of_record
TN:
SF:src\modules\users\services\AuthenticateUserService.ts
FN:27,AuthenticateUserService
FN:35,Object.<anonymous>.AuthenticateUserService.execute
FNF:2
FNH:2
FNDA:3,AuthenticateUserService
FNDA:3,Object.<anonymous>.AuthenticateUserService.execute
DA:1,1
DA:2,1
DA:3,1
DA:4,1
DA:5,1
DA:6,1
DA:7,1
DA:8,1
DA:9,1
DA:10,1
DA:11,1
DA:12,1
DA:13,1
DA:14,1
DA:15,1
DA:16,1
DA:17,1
DA:18,1
DA:19,1
DA:20,1
DA:21,1
DA:22,1
DA:23,1
DA:24,1
DA:25,1
DA:26,1
DA:27,1
DA:28,3
DA:29,3
DA:30,3
DA:31,3
DA:32,3
DA:33,3
DA:34,1
DA:35,1
DA:36,3
DA:37,3
DA:38,3
DA:39,3
DA:40,3
DA:41,3
DA:42,3
DA:43,3
DA:44,1
DA:45,1
DA:46,2
DA:47,2
DA:48,2
DA:49,3
DA:50,3
DA:51,1
DA:52,1
DA:53,1
DA:54,1
DA:55,1
DA:56,1
DA:57,1
DA:58,1
DA:59,1
DA:60,1
DA:61,1
DA:62,1
DA:63,1
DA:64,1
DA:65,1
DA:66,1
DA:67,1
DA:68,3
DA:69,3
DA:70,1
DA:71,1
DA:72,1
DA:73,1
LF:73
LH:73
BRDA:25,0,0,1
BRDA:27,1,0,3
BRDA:35,2,0,3
BRDA:40,3,0,3
BRDA:43,4,0,1
BRDA:46,5,0,2
BRDA:50,6,0,1
BRF:7
BRH:7
end_of_record
TN:
SF:src\modules\users\services\CreateUserService.ts
FN:22,CreateUserService
FN:30,Object.<anonymous>.CreateUserService.execute
FNF:2
FNH:2
FNDA:5,CreateUserService
FNDA:5,Object.<anonymous>.CreateUserService.execute
DA:1,1
DA:2,1
DA:3,1
DA:4,1
DA:5,1
DA:6,1
DA:7,1
DA:8,1
DA:9,1
DA:10,1
DA:11,1
DA:12,1
DA:13,1
DA:14,1
DA:15,1
DA:16,1
DA:17,1
DA:18,1
DA:19,1
DA:20,2
DA:21,2
DA:22,2
DA:23,5
DA:24,5
DA:25,5
DA:26,5
DA:27,5
DA:28,5
DA:29,2
DA:30,2
DA:31,5
DA:32,5
DA:33,5
DA:34,5
DA:35,1
DA:36,1
DA:37,4
DA:38,4
DA:39,5
DA:40,5
DA:41,5
DA:42,5
DA:43,5
DA:44,5
DA:45,5
DA:46,5
DA:47,5
DA:48,2
DA:49,1
DA:50,1
LF:50
LH:50
BRDA:20,0,0,2
BRDA:22,1,0,5
BRDA:30,2,0,5
BRDA:32,3,0,5
BRDA:34,4,0,1
BRDA:37,5,0,4
BRF:6
BRH:6
end_of_record
TN:
SF:src\modules\users\services\ResetPasswordService.ts
FN:1,(empty-report)
FNF:1
FNH:0
FNDA:0,(empty-report)
DA:1,0
DA:2,0
DA:3,0
DA:4,0
DA:5,0
DA:6,0
DA:7,0
DA:8,0
DA:9,0
DA:10,0
DA:11,0
DA:12,0
DA:13,0
DA:14,0
DA:15,0
DA:16,0
DA:17,0
DA:18,0
DA:19,0
DA:20,0
DA:21,0
DA:22,0
DA:23,0
DA:24,0
DA:25,0
DA:26,0
DA:27,0
DA:28,0
DA:29,0
DA:30,0
DA:31,0
DA:32,0
DA:33,0
DA:34,0
DA:35,0
DA:36,0
DA:37,0
DA:38,0
DA:39,0
DA:40,0
DA:41,0
DA:42,0
DA:43,0
DA:44,0
DA:45,0
DA:46,0
DA:47,0
DA:48,0
DA:49,0
DA:50,0
DA:51,0
DA:52,0
DA:53,0
DA:54,0
DA:55,0
DA:56,0
DA:57,0
LF:57
LH:0
BRDA:1,0,0,0
BRF:1
BRH:0
end_of_record
TN:
SF:src\modules\users\services\SendForgotPasswordEmailService.ts
FN:16,SendForgotPasswordEmailService
FN:27,Object.<anonymous>.SendForgotPasswordEmailService.execute
FNF:2
FNH:2
FNDA:3,SendForgotPasswordEmailService
FNDA:3,Object.<anonymous>.SendForgotPasswordEmailService.execute
DA:1,1
DA:2,1
DA:3,1
DA:4,1
DA:5,1
DA:6,1
DA:7,1
DA:8,1
DA:9,1
DA:10,1
DA:11,1
DA:12,1
DA:13,1
DA:14,1
DA:15,1
DA:16,1
DA:17,3
DA:18,3
DA:19,3
DA:20,3
DA:21,3
DA:22,3
DA:23,3
DA:24,3
DA:25,3
DA:26,1
DA:27,1
DA:28,3
DA:29,3
DA:30,3
DA:31,3
DA:32,1
DA:33,1
DA:34,2
DA:35,2
DA:36,3
DA:37,3
DA:38,3
DA:39,3
DA:40,3
DA:41,3
DA:42,3
DA:43,3
DA:44,3
DA:45,3
DA:46,3
DA:47,3
DA:48,3
DA:49,3
DA:50,3
DA:51,3
DA:52,3
DA:53,3
DA:54,1
DA:55,1
DA:56,1
LF:56
LH:56
BRDA:15,0,0,1
BRDA:16,1,0,3
BRDA:27,2,0,3
BRDA:29,3,0,3
BRDA:31,4,0,1
BRDA:34,5,0,2
BRF:6
BRH:6
end_of_record
TN:
SF:src\modules\users\services\ShowProfileService.ts
FN:14,ShowProfileService
FN:19,Object.<anonymous>.ShowProfileService.execute
FNF:2
FNH:2
FNDA:2,ShowProfileService
FNDA:2,Object.<anonymous>.ShowProfileService.execute
DA:1,1
DA:2,1
DA:3,1
DA:4,1
DA:5,1
DA:6,1
DA:7,1
DA:8,1
DA:9,1
DA:10,1
DA:11,1
DA:12,1
DA:13,1
DA:14,1
DA:15,2
DA:16,2
DA:17,2
DA:18,1
DA:19,1
DA:20,2
DA:21,2
DA:22,2
DA:23,1
DA:24,1
DA:25,1
DA:26,1
DA:27,2
DA:28,1
DA:29,1
DA:30,1
LF:30
LH:30
BRDA:13,0,0,1
BRDA:14,1,0,2
BRDA:19,2,0,2
BRDA:20,3,0,2
BRDA:22,4,0,1
BRF:5
BRH:5
end_of_record
TN:
SF:src\modules\users\services\UpdateProfileService.ts
FN:19,UpdateProfileService
FN:27,Object.<anonymous>.UpdateProfileService.execute
FNF:2
FNH:2
FNDA:5,UpdateProfileService
FNDA:5,Object.<anonymous>.UpdateProfileService.execute
DA:1,1
DA:2,1
DA:3,1
DA:4,1
DA:5,1
DA:6,1
DA:7,1
DA:8,1
DA:9,1
DA:10,1
DA:11,1
DA:12,1
DA:13,1
DA:14,1
DA:15,1
DA:16,1
DA:17,1
DA:18,1
DA:19,1
DA:20,5
DA:21,5
DA:22,5
DA:23,5
DA:24,5
DA:25,5
DA:26,1
DA:27,1
DA:28,5
DA:29,5
DA:30,5
DA:31,5
DA:32,5
DA:33,5
DA:34,5
DA:35,5
DA:36,5
DA:37,0
DA:38,0
DA:39,5
DA:40,5
DA:41,5
DA:42,5
DA:43,5
DA:44,1
DA:45,1
DA:46,4
DA:47,4
DA:48,4
DA:49,4
DA:50,4
DA:51,5
DA:52,1
DA:53,1
DA:54,1
DA:55,1
DA:56,3
DA:57,3
DA:58,5
DA:59,2
DA:60,2
DA:61,2
DA:62,2
DA:63,5
DA:64,5
DA:65,1
DA:66,1
DA:67,1
DA:68,1
DA:69,5
DA:70,5
DA:71,5
DA:72,5
DA:73,1
DA:74,1
DA:75,1
LF:75
LH:73
BRDA:18,0,0,1
BRDA:19,1,0,5
BRDA:27,2,0,5
BRDA:34,3,0,5
BRDA:36,4,0,0
BRDA:43,5,0,1
BRDA:43,6,0,1
BRDA:46,7,0,4
BRDA:51,8,0,3
BRDA:51,9,0,1
BRDA:56,10,0,3
BRDA:58,11,0,2
BRDA:58,12,0,1
BRDA:58,13,0,2
BRDA:64,14,0,1
BRDA:71,15,0,2
BRF:16
BRH:15
end_of_record
TN:
SF:src\modules\users\services\UpdateUserAvatarService.ts
FN:20,UpdateUserAvatarService
FN:28,Object.<anonymous>.UpdateUserAvatarService.execute
FNF:2
FNH:2
FNDA:3,UpdateUserAvatarService
FNDA:4,Object.<anonymous>.UpdateUserAvatarService.execute
DA:1,1
DA:2,1
DA:3,1
DA:4,1
DA:5,1
DA:6,1
DA:7,1
DA:8,1
DA:9,1
DA:10,1
DA:11,1
DA:12,1
DA:13,1
DA:14,1
DA:15,1
DA:16,1
DA:17,1
DA:18,1
DA:19,1
DA:20,1
DA:21,3
DA:22,3
DA:23,3
DA:24,3
DA:25,3
DA:26,3
DA:27,1
DA:28,1
DA:29,4
DA:30,4
DA:31,4
DA:32,1
DA:33,1
DA:34,1
DA:35,3
DA:36,3
DA:37,1
DA:38,4
DA:39,4
DA:40,4
DA:41,4
DA:42,4
DA:43,4
DA:44,4
DA:45,4
DA:46,4
DA:47,4
DA:48,1
DA:49,1
DA:50,1
DA:51,1
LF:51
LH:51
BRDA:18,0,0,1
BRDA:20,1,0,3
BRDA:28,2,0,4
BRDA:29,3,0,4
BRDA:31,4,0,1
BRDA:35,5,0,3
BRDA:36,6,0,2
BRDA:36,7,0,1
BRF:8
BRH:8
end_of_record
